<?xml version="1.0" encoding="UTF-8"?>
<!-- Generated by org.testng.reporters.JUnitXMLReporter -->
<testsuite ignored="0" hostname="IN-B3P5C54" failures="0" tests="3" name="Filter by Price" time="22.776" errors="0" timestamp="2025-06-07T21:41:02 IST">
  <testcase classname="com.flipkart.tests.VerifyProductTitleNewTabTest" name="searchProduct" time="9.239"/>
  <testcase classname="com.flipkart.tests.VerifyProductTitleNewTabTest" name="clickOnSearchedProduct" time="3.146"/>
  <testcase classname="com.flipkart.tests.VerifyProductTitleNewTabTest" name="verifyNewTabTitle" time="0.73"/>
</testsuite> <!-- Filter by Price -->
