<?xml version="1.0" encoding="UTF-8"?>
<!-- Generated by org.testng.reporters.JUnitXMLReporter -->
<testsuite ignored="0" hostname="IN-B3P5C54" failures="0" tests="3" name="Filter" time="16.595" errors="0" timestamp="2025-06-07T21:38:35 IST">
  <testcase classname="com.flipkart.tests.VerifyProductTitleNewTabTest" name="searchProduct" time="3.796"/>
  <testcase classname="com.flipkart.tests.VerifyProductTitleNewTabTest" name="clickOnSearchedProduct" time="2.8"/>
  <testcase classname="com.flipkart.tests.VerifyProductTitleNewTabTest" name="verifyNewTabTitle" time="0.186"/>
</testsuite> <!-- Filter -->
