<?xml version="1.0" encoding="UTF-8"?>
<!-- Generated by org.testng.reporters.JUnitXMLReporter -->
<testsuite ignored="0" hostname="IN-B3P5C54" failures="0" tests="2" name="Non-Existent Product" time="24.123" errors="0" timestamp="2025-06-07T21:41:03 IST">
  <testcase classname="com.flipkart.tests.SearchNonExistentProductTest" name="searchNonExistentProduct" time="4.65"/>
  <testcase classname="com.flipkart.tests.SearchNonExistentProductTest" name="validateSearchResultMessage" time="0.958"/>
</testsuite> <!-- Non-Existent Product -->
