<?xml version="1.0" encoding="UTF-8"?>
<!-- Generated by org.testng.reporters.JUnitXMLReporter -->
<testsuite ignored="0" hostname="IN-B3P5C54" failures="0" tests="2" name="Flipkart Test 2" time="27.248" errors="0" timestamp="2025-06-07T21:03:35 IST">
  <testcase classname="com.flipkart.tests.SearchProductAndValidateTest" name="searchProductAndValidateTop3Titles" time="12.229"/>
  <testcase classname="com.flipkart.tests.SearchProductAndValidateTest" name="searchProductAndValidateTop3Titles" time="20.307"/>
</testsuite> <!-- Flipkart Test 2 -->
