<?xml version="1.0" encoding="UTF-8"?>
<!-- Generated by org.testng.reporters.JUnitReportReporter -->
<testsuite hostname="IN-B3P5C54" failures="0" tests="3" name="com.flipkart.tests.AddToCartTest" time="8.951" errors="0" timestamp="2025-06-09T02:29:19 IST" skipped="0">
  <testcase classname="com.flipkart.tests.AddToCartTest" name="searchProduct" time="2.578"/>
  <testcase classname="com.flipkart.tests.AddToCartTest" name="clickOnSearchedProduct" time="2.178"/>
  <testcase classname="com.flipkart.tests.AddToCartTest" name="addToCart" time="4.195"/>
</testsuite> <!-- com.flipkart.tests.AddToCartTest -->
