<?xml version="1.0" encoding="UTF-8"?>
<!-- Generated by org.testng.reporters.JUnitReportReporter -->
<testsuite hostname="IN-B3P5C54" failures="0" tests="3" name="com.flipkart.tests.VerifyProductTitleNewTabTest" time="13.132" errors="0" timestamp="2025-06-07T21:41:04 IST" skipped="0">
  <testcase classname="com.flipkart.tests.VerifyProductTitleNewTabTest" name="searchProduct" time="9.240"/>
  <testcase classname="com.flipkart.tests.VerifyProductTitleNewTabTest" name="clickOnSearchedProduct" time="3.147"/>
  <testcase classname="com.flipkart.tests.VerifyProductTitleNewTabTest" name="verifyNewTabTitle" time="0.745"/>
</testsuite> <!-- com.flipkart.tests.VerifyProductTitleNewTabTest -->
