<?xml version="1.0" encoding="UTF-8"?>
<!-- Generated by org.testng.reporters.JUnitXMLReporter -->
<testsuite ignored="0" hostname="IN-B3P5C54" failures="0" tests="3" name="Add to Cart Test" time="29.614" errors="0" timestamp="2025-06-07T03:47:38 IST">
  <testcase classname="com.flipkart.tests.AddToCartTest" name="searchProduct" time="3.156"/>
  <testcase classname="com.flipkart.tests.AddToCartTest" name="clickOnSearchedProduct" time="2.41"/>
  <testcase classname="com.flipkart.tests.AddToCartTest" name="addToCart" time="5.207"/>
</testsuite> <!-- Add to Cart Test -->
