<?xml version="1.0" encoding="UTF-8"?>
<!-- Generated by org.testng.reporters.JUnitXMLReporter -->
<testsuite ignored="0" hostname="IN-B3P5C54" failures="0" tests="3" name="Functional Test Cases - Flipkart" time="14.425" errors="0" timestamp="2025-06-07T03:30:38 IST">
  <testcase classname="com.flipkart.tests.AddToCartTest" name="searchProduct" time="2.427"/>
  <testcase classname="com.flipkart.tests.AddToCartTest" name="clickOnSearchedProduct" time="2.188"/>
  <testcase classname="com.flipkart.tests.AddToCartTest" name="addToCart" time="4.281"/>
</testsuite> <!-- Functional Test Cases - Flipkart -->
