<?xml version="1.0" encoding="UTF-8"?>
<!-- Generated by org.testng.reporters.JUnitXMLReporter -->
<testsuite ignored="0" hostname="IN-B3P5C54" failures="0" tests="3" name="Search And Validate Product Titles" time="13.002" errors="0" timestamp="2025-06-09T02:29:18 IST">
  <testcase classname="com.flipkart.tests.AddToCartTest" name="searchProduct" time="2.575"/>
  <testcase classname="com.flipkart.tests.AddToCartTest" name="clickOnSearchedProduct" time="2.171"/>
  <testcase classname="com.flipkart.tests.AddToCartTest" name="addToCart" time="4.192"/>
</testsuite> <!-- Search And Validate Product Titles -->
